0 info it worked if it ends with ok
1 verbose cli [ '/usr/bin/nodejs', '/usr/bin/npm', 'install', 'faker', 'lodash' ]
2 info using npm@4.1.2
3 info using node@v7.5.0
4 verbose config Skipping project config: /home/yodaplus/.npmrc. (matches userconfig)
5 silly loadCurrentTree Starting
6 silly install loadCurrentTree
7 silly install readLocalPackageData
8 silly fetchPackageMetaData faker
9 silly fetchPackageMetaData lodash
10 silly fetchNamedPackageData faker
11 silly mapToRegistry name faker
12 silly mapToRegistry using default registry
13 silly mapToRegistry registry https://registry.npmjs.org/
14 silly mapToRegistry data Result {
14 silly mapToRegistry   raw: 'faker',
14 silly mapToRegistry   scope: null,
14 silly mapToRegistry   escapedName: 'faker',
14 silly mapToRegistry   name: 'faker',
14 silly mapToRegistry   rawSpec: '',
14 silly mapToRegistry   spec: 'latest',
14 silly mapToRegistry   type: 'tag' }
15 silly mapToRegistry uri https://registry.npmjs.org/faker
16 silly fetchNamedPackageData lodash
17 silly mapToRegistry name lodash
18 silly mapToRegistry using default registry
19 silly mapToRegistry registry https://registry.npmjs.org/
20 silly mapToRegistry data Result {
20 silly mapToRegistry   raw: 'lodash',
20 silly mapToRegistry   scope: null,
20 silly mapToRegistry   escapedName: 'lodash',
20 silly mapToRegistry   name: 'lodash',
20 silly mapToRegistry   rawSpec: '',
20 silly mapToRegistry   spec: 'latest',
20 silly mapToRegistry   type: 'tag' }
21 silly mapToRegistry uri https://registry.npmjs.org/lodash
22 verbose request uri https://registry.npmjs.org/faker
23 verbose request no auth needed
24 info attempt registry request try #1 at 1:10:41 PM
25 verbose request id 22ad9397b7e1f54e
26 verbose etag W/"5890d0b4-7874"
27 verbose lastModified Tue, 31 Jan 2017 18:00:20 GMT
28 http request GET https://registry.npmjs.org/faker
29 verbose request uri https://registry.npmjs.org/lodash
30 verbose request no auth needed
31 info attempt registry request try #1 at 1:10:42 PM
32 verbose etag W/"588ea213-28ea5"
33 verbose lastModified Mon, 30 Jan 2017 02:16:51 GMT
34 http request GET https://registry.npmjs.org/lodash
35 http 304 https://registry.npmjs.org/lodash
36 verbose headers { date: 'Thu, 02 Feb 2017 07:40:43 GMT',
36 verbose headers   via: '1.1 varnish',
36 verbose headers   'cache-control': 'max-age=300',
36 verbose headers   etag: 'W/"588ea213-28ea5"',
36 verbose headers   age: '245',
36 verbose headers   connection: 'keep-alive',
36 verbose headers   'x-served-by': 'cache-cdg8733-CDG',
36 verbose headers   'x-cache': 'HIT',
36 verbose headers   'x-cache-hits': '19',
36 verbose headers   'x-timer': 'S1486021243.308480,VS0,VE0',
36 verbose headers   vary: 'Accept-Encoding' }
37 silly get cb [ 304,
37 silly get   { date: 'Thu, 02 Feb 2017 07:40:43 GMT',
37 silly get     via: '1.1 varnish',
37 silly get     'cache-control': 'max-age=300',
37 silly get     etag: 'W/"588ea213-28ea5"',
37 silly get     age: '245',
37 silly get     connection: 'keep-alive',
37 silly get     'x-served-by': 'cache-cdg8733-CDG',
37 silly get     'x-cache': 'HIT',
37 silly get     'x-cache-hits': '19',
37 silly get     'x-timer': 'S1486021243.308480,VS0,VE0',
37 silly get     vary: 'Accept-Encoding' } ]
38 verbose etag https://registry.npmjs.org/lodash from cache
39 verbose get saving lodash to /home/yodaplus/.npm/registry.npmjs.org/lodash/.cache.json
40 verbose correctMkdir /home/yodaplus/.npm correctMkdir not in flight; initializing
41 http 304 https://registry.npmjs.org/faker
42 verbose headers { date: 'Thu, 02 Feb 2017 07:40:43 GMT',
42 verbose headers   via: '1.1 varnish',
42 verbose headers   'cache-control': 'max-age=300',
42 verbose headers   etag: 'W/"5890d0b4-7874"',
42 verbose headers   age: '71',
42 verbose headers   connection: 'keep-alive',
42 verbose headers   'x-served-by': 'cache-cdg8725-CDG',
42 verbose headers   'x-cache': 'HIT',
42 verbose headers   'x-cache-hits': '1',
42 verbose headers   'x-timer': 'S1486021243.317320,VS0,VE0',
42 verbose headers   vary: 'Accept-Encoding' }
43 silly get cb [ 304,
43 silly get   { date: 'Thu, 02 Feb 2017 07:40:43 GMT',
43 silly get     via: '1.1 varnish',
43 silly get     'cache-control': 'max-age=300',
43 silly get     etag: 'W/"5890d0b4-7874"',
43 silly get     age: '71',
43 silly get     connection: 'keep-alive',
43 silly get     'x-served-by': 'cache-cdg8725-CDG',
43 silly get     'x-cache': 'HIT',
43 silly get     'x-cache-hits': '1',
43 silly get     'x-timer': 'S1486021243.317320,VS0,VE0',
43 silly get     vary: 'Accept-Encoding' } ]
44 verbose etag https://registry.npmjs.org/faker from cache
45 verbose get saving faker to /home/yodaplus/.npm/registry.npmjs.org/faker/.cache.json
46 verbose correctMkdir /home/yodaplus/.npm correctMkdir not in flight; initializing
47 silly install normalizeTree
48 silly loadCurrentTree Finishing
49 silly loadIdealTree Starting
50 silly install loadIdealTree
51 silly cloneCurrentTree Starting
52 silly install cloneCurrentTreeToIdealTree
53 silly cloneCurrentTree Finishing
54 silly loadShrinkwrap Starting
55 silly install loadShrinkwrap
56 silly loadShrinkwrap Finishing
57 silly loadAllDepsIntoIdealTree Starting
58 silly install loadAllDepsIntoIdealTree
59 silly resolveWithNewModule faker@3.1.0 checking installable status
60 silly cache add args [ 'faker', null ]
61 verbose cache add spec faker
62 silly resolveWithNewModule lodash@4.17.4 checking installable status
63 silly cache add args [ 'lodash', null ]
64 verbose cache add spec lodash
65 silly cache add parsed spec Result {
65 silly cache add   raw: 'faker',
65 silly cache add   scope: null,
65 silly cache add   escapedName: 'faker',
65 silly cache add   name: 'faker',
65 silly cache add   rawSpec: '',
65 silly cache add   spec: 'latest',
65 silly cache add   type: 'tag' }
66 silly addNamed faker@latest
67 verbose addNamed "latest" is being treated as a dist-tag for faker
68 info addNameTag [ 'faker', 'latest' ]
69 silly mapToRegistry name faker
70 silly mapToRegistry using default registry
71 silly mapToRegistry registry https://registry.npmjs.org/
72 silly mapToRegistry data Result {
72 silly mapToRegistry   raw: 'faker',
72 silly mapToRegistry   scope: null,
72 silly mapToRegistry   escapedName: 'faker',
72 silly mapToRegistry   name: 'faker',
72 silly mapToRegistry   rawSpec: '',
72 silly mapToRegistry   spec: 'latest',
72 silly mapToRegistry   type: 'tag' }
73 silly mapToRegistry uri https://registry.npmjs.org/faker
74 verbose addNameTag registry:https://registry.npmjs.org/faker not in flight; fetching
75 silly cache add parsed spec Result {
75 silly cache add   raw: 'lodash',
75 silly cache add   scope: null,
75 silly cache add   escapedName: 'lodash',
75 silly cache add   name: 'lodash',
75 silly cache add   rawSpec: '',
75 silly cache add   spec: 'latest',
75 silly cache add   type: 'tag' }
76 silly addNamed lodash@latest
77 verbose addNamed "latest" is being treated as a dist-tag for lodash
78 info addNameTag [ 'lodash', 'latest' ]
79 silly mapToRegistry name lodash
80 silly mapToRegistry using default registry
81 silly mapToRegistry registry https://registry.npmjs.org/
82 silly mapToRegistry data Result {
82 silly mapToRegistry   raw: 'lodash',
82 silly mapToRegistry   scope: null,
82 silly mapToRegistry   escapedName: 'lodash',
82 silly mapToRegistry   name: 'lodash',
82 silly mapToRegistry   rawSpec: '',
82 silly mapToRegistry   spec: 'latest',
82 silly mapToRegistry   type: 'tag' }
83 silly mapToRegistry uri https://registry.npmjs.org/lodash
84 verbose addNameTag registry:https://registry.npmjs.org/lodash not in flight; fetching
85 verbose get https://registry.npmjs.org/faker not expired, no request
86 silly addNameTag next cb for faker with tag latest
87 silly addNamed faker@3.1.0
88 verbose addNamed "3.1.0" is a plain semver version for faker
89 verbose get https://registry.npmjs.org/lodash not expired, no request
90 silly addNameTag next cb for lodash with tag latest
91 silly addNamed lodash@4.17.4
92 verbose addNamed "4.17.4" is a plain semver version for lodash
93 silly cache afterAdd faker@3.1.0
94 verbose afterAdd /home/yodaplus/.npm/faker/3.1.0/package/package.json not in flight; writing
95 verbose correctMkdir /home/yodaplus/.npm correctMkdir not in flight; initializing
96 verbose afterAdd /home/yodaplus/.npm/faker/3.1.0/package/package.json written
97 silly cache afterAdd lodash@4.17.4
98 verbose afterAdd /home/yodaplus/.npm/lodash/4.17.4/package/package.json not in flight; writing
99 verbose correctMkdir /home/yodaplus/.npm correctMkdir not in flight; initializing
100 verbose afterAdd /home/yodaplus/.npm/lodash/4.17.4/package/package.json written
101 silly loadAllDepsIntoIdealTree Finishing
102 silly loadIdealTree Finishing
103 silly currentTree yodaplus
103 silly currentTree +-- faker@3.1.0
103 silly currentTree `-- lodash@4.17.4
104 silly idealTree yodaplus
104 silly idealTree +-- faker@3.1.0
104 silly idealTree `-- lodash@4.17.4
105 silly generateActionsToTake Starting
106 silly install generateActionsToTake
107 warn checkPermissions Missing write access to /home/yodaplus/node_modules
108 silly rollbackFailedOptional Starting
109 silly rollbackFailedOptional Finishing
110 silly runTopLevelLifecycles Finishing
111 silly install printInstalled
112 warn enoent ENOENT: no such file or directory, open '/home/yodaplus/package.json'
113 verbose enoent ENOENT: no such file or directory, open '/home/yodaplus/package.json'
113 verbose enoent This is most likely not a problem with npm itself
113 verbose enoent and is related to npm not being able to find a file.
114 warn yodaplus No description
115 verbose If you need help, you may report this error at:
115 verbose     <https://github.com/npm/npm/issues>
116 warn yodaplus No repository field.
117 verbose If you need help, you may report this error at:
117 verbose     <https://github.com/npm/npm/issues>
118 warn yodaplus No README data
119 verbose If you need help, you may report this error at:
119 verbose     <https://github.com/npm/npm/issues>
120 warn yodaplus No license field.
121 verbose If you need help, you may report this error at:
121 verbose     <https://github.com/npm/npm/issues>
122 verbose stack Error: EACCES: permission denied, access '/home/yodaplus/node_modules'
123 verbose cwd /home/yodaplus/newProject/server
124 error Linux 3.13.0-61-generic
125 error argv "/usr/bin/nodejs" "/usr/bin/npm" "install" "faker" "lodash"
126 error node v7.5.0
127 error npm  v4.1.2
128 error path /home/yodaplus/node_modules
129 error code EACCES
130 error errno -13
131 error syscall access
132 error Error: EACCES: permission denied, access '/home/yodaplus/node_modules'
132 error  { Error: EACCES: permission denied, access '/home/yodaplus/node_modules'
132 error   errno: -13,
132 error   code: 'EACCES',
132 error   syscall: 'access',
132 error   path: '/home/yodaplus/node_modules' }
133 error Please try running this command again as root/Administrator.
134 verbose exit [ -13, true ]
